2025-12-19 09:14:34,276 [INFO] 🔥 Starting Smart Download Script
2025-12-19 09:14:34,279 [INFO] ⏭️ Found 5 datasets already partially/fully handled in logs.
2025-12-19 09:14:34,300 [INFO] ✅ Skipping (Already in Log): AI-MO/NuminaMath-CoT
2025-12-19 09:14:43,970 [INFO] ✅ Skipping (Already in Log): ndavidson/sat-math-chain-of-thought
2025-12-19 09:14:50,176 [INFO] ✅ Skipping (Already in Log): open-r1/codeforces-cots
2025-12-19 09:14:56,784 [INFO] ✅ Skipping (Already in Log): HuggingFaceH4/Code-Feedback
2025-12-19 09:15:09,219 [INFO] 📥 Downloading: prithivMLmods/Atlas-Think-CoT-12M
2025-12-19 09:15:23,724 [WARNING] Xet Storage is enabled for this repo, but the 'hf_xet' package is not installed. Falling back to regular HTTP download. For better performance, install the package with: `pip install huggingface_hub[hf_xet]` or `pip install hf_xet`
2025-12-19 09:16:48,585 [WARNING] Xet Storage is enabled for this repo, but the 'hf_xet' package is not installed. Falling back to regular HTTP download. For better performance, install the package with: `pip install huggingface_hub[hf_xet]` or `pip install hf_xet`
2025-12-19 09:18:16,548 [WARNING] Xet Storage is enabled for this repo, but the 'hf_xet' package is not installed. Falling back to regular HTTP download. For better performance, install the package with: `pip install huggingface_hub[hf_xet]` or `pip install hf_xet`
2025-12-19 09:22:23,236 [WARNING] Error while downloading from https://huggingface.co/datasets/prithivMLmods/Atlas-Think-CoT-12M/resolve/a6aa7d077da20ea7c298424046c1338d5ea55d91/cot/data-00002-of-00171.arrow: HTTPSConnectionPool(host='cas-bridge.xethub.hf.co', port=443): Read timed out.
Trying to resume download...
2025-12-19 09:25:39,373 [WARNING] Xet Storage is enabled for this repo, but the 'hf_xet' package is not installed. Falling back to regular HTTP download. For better performance, install the package with: `pip install huggingface_hub[hf_xet]` or `pip install hf_xet`
2025-12-19 09:30:00,532 [WARNING] Xet Storage is enabled for this repo, but the 'hf_xet' package is not installed. Falling back to regular HTTP download. For better performance, install the package with: `pip install huggingface_hub[hf_xet]` or `pip install hf_xet`
2025-12-19 09:31:57,338 [WARNING] Xet Storage is enabled for this repo, but the 'hf_xet' package is not installed. Falling back to regular HTTP download. For better performance, install the package with: `pip install huggingface_hub[hf_xet]` or `pip install hf_xet`
2025-12-19 09:32:50,072 [WARNING] Xet Storage is enabled for this repo, but the 'hf_xet' package is not installed. Falling back to regular HTTP download. For better performance, install the package with: `pip install huggingface_hub[hf_xet]` or `pip install hf_xet`
2025-12-19 09:33:51,601 [WARNING] Xet Storage is enabled for this repo, but the 'hf_xet' package is not installed. Falling back to regular HTTP download. For better performance, install the package with: `pip install huggingface_hub[hf_xet]` or `pip install hf_xet`
2025-12-19 09:35:06,523 [WARNING] Xet Storage is enabled for this repo, but the 'hf_xet' package is not installed. Falling back to regular HTTP download. For better performance, install the package with: `pip install huggingface_hub[hf_xet]` or `pip install hf_xet`
2025-12-19 09:36:12,366 [WARNING] Xet Storage is enabled for this repo, but the 'hf_xet' package is not installed. Falling back to regular HTTP download. For better performance, install the package with: `pip install huggingface_hub[hf_xet]` or `pip install hf_xet`
2025-12-19 09:40:03,835 [WARNING] Xet Storage is enabled for this repo, but the 'hf_xet' package is not installed. Falling back to regular HTTP download. For better performance, install the package with: `pip install huggingface_hub[hf_xet]` or `pip install hf_xet`
2025-12-19 09:46:44,525 [WARNING] Xet Storage is enabled for this repo, but the 'hf_xet' package is not installed. Falling back to regular HTTP download. For better performance, install the package with: `pip install huggingface_hub[hf_xet]` or `pip install hf_xet`
2025-12-19 10:01:10,317 [WARNING] Xet Storage is enabled for this repo, but the 'hf_xet' package is not installed. Falling back to regular HTTP download. For better performance, install the package with: `pip install huggingface_hub[hf_xet]` or `pip install hf_xet`
2025-12-19 10:06:37,849 [WARNING] Xet Storage is enabled for this repo, but the 'hf_xet' package is not installed. Falling back to regular HTTP download. For better performance, install the package with: `pip install huggingface_hub[hf_xet]` or `pip install hf_xet`
2025-12-19 10:11:19,196 [WARNING] Error while downloading from https://huggingface.co/datasets/prithivMLmods/Atlas-Think-CoT-12M/resolve/a6aa7d077da20ea7c298424046c1338d5ea55d91/cot/data-00013-of-00171.arrow: HTTPSConnectionPool(host='cas-bridge.xethub.hf.co', port=443): Read timed out.
Trying to resume download...
2025-12-19 10:14:33,172 [WARNING] Error while downloading from https://huggingface.co/datasets/prithivMLmods/Atlas-Think-CoT-12M/resolve/a6aa7d077da20ea7c298424046c1338d5ea55d91/cot/data-00013-of-00171.arrow: HTTPSConnectionPool(host='cas-bridge.xethub.hf.co', port=443): Read timed out.
Trying to resume download...
2025-12-19 10:17:00,931 [WARNING] Error while downloading from https://huggingface.co/datasets/prithivMLmods/Atlas-Think-CoT-12M/resolve/a6aa7d077da20ea7c298424046c1338d5ea55d91/cot/data-00013-of-00171.arrow: HTTPSConnectionPool(host='cas-bridge.xethub.hf.co', port=443): Read timed out.
Trying to resume download...
2025-12-19 10:30:29,908 [WARNING] Xet Storage is enabled for this repo, but the 'hf_xet' package is not installed. Falling back to regular HTTP download. For better performance, install the package with: `pip install huggingface_hub[hf_xet]` or `pip install hf_xet`
2025-12-19 10:44:19,723 [ERROR] ❌ Failed to download prithivMLmods/Atlas-Think-CoT-12M: ('Connection broken: IncompleteRead(12859979 bytes read, 338326941 more expected)', IncompleteRead(12859979 bytes read, 338326941 more expected))
2025-12-19 10:44:19,737 [INFO] 📥 Downloading: prithivmlmods/Demeter-LongCoT-6M
2025-12-19 10:44:34,263 [WARNING] Xet Storage is enabled for this repo, but the 'hf_xet' package is not installed. Falling back to regular HTTP download. For better performance, install the package with: `pip install huggingface_hub[hf_xet]` or `pip install hf_xet`
2025-12-19 10:46:49,059 [WARNING] Error while downloading from https://huggingface.co/datasets/prithivmlmods/Demeter-LongCoT-6M/resolve/e11d9b7c8cdf9df21702e4f6afba60e4a6b8e29d/data-00000-of-00162.arrow: HTTPSConnectionPool(host='cas-bridge.xethub.hf.co', port=443): Read timed out.
Trying to resume download...
2025-12-19 10:47:12,751 [ERROR] ❌ Failed to download prithivmlmods/Demeter-LongCoT-6M: (MaxRetryError('HTTPSConnectionPool(host=\'huggingface.co\', port=443): Max retries exceeded with url: /datasets/prithivmlmods/Demeter-LongCoT-6M/resolve/e11d9b7c8cdf9df21702e4f6afba60e4a6b8e29d/data-00000-of-00162.arrow (Caused by NameResolutionError("<urllib3.connection.HTTPSConnection object at 0x0000016CAE45E490>: Failed to resolve \'huggingface.co\' ([Errno 11001] getaddrinfo failed)"))'), '(Request ID: 93a51e2c-5c82-45a4-816a-6f5e2a6a4062)')
2025-12-19 10:47:12,753 [INFO] 📥 Downloading: kaist-ai/CoT-Collection
2025-12-19 10:47:12,763 [ERROR] ❌ Failed to download kaist-ai/CoT-Collection: Couldn't reach 'kaist-ai/CoT-Collection' on the Hub (LocalEntryNotFoundError)
2025-12-19 10:47:12,763 [INFO] 📥 Downloading: isaiahbjork/chain-of-thought
2025-12-19 10:47:12,768 [ERROR] ❌ Failed to download isaiahbjork/chain-of-thought: Couldn't reach 'isaiahbjork/chain-of-thought' on the Hub (LocalEntryNotFoundError)
2025-12-19 10:47:12,769 [INFO] ✅ Skipping (Already in Log): Locutusque/arc-cot
2025-12-19 10:47:12,818 [WARNING] Using the latest cached version of the dataset since Locutusque/arc-cot couldn't be found on the Hugging Face Hub
2025-12-19 10:47:12,844 [WARNING] Found the latest cached dataset configuration 'default' at C:\Users\swank\.cache\huggingface\datasets\Locutusque___arc-cot\default\0.0.0\e0486f1899688d9884f6eb0fa439d6213da9bafe (last modified on Fri Dec 19 09:02:56 2025).
2025-12-19 10:47:13,028 [INFO] 📥 Downloading: prithivmlmods/Turing-Reason-CoT
2025-12-19 10:47:13,032 [ERROR] ❌ Failed to download prithivmlmods/Turing-Reason-CoT: Couldn't reach 'prithivmlmods/Turing-Reason-CoT' on the Hub (LocalEntryNotFoundError)
2025-12-19 10:47:13,033 [INFO] 
==================================================
2025-12-19 10:47:13,033 [INFO] 📋 FINAL DATASET INSPECTION (2 SAMPLE ROWS EACH)
2025-12-19 10:47:13,033 [INFO] ==================================================
2025-12-19 10:47:13,034 [INFO] 
📂 Dataset: AI-MO/NuminaMath-CoT
2025-12-19 10:47:13,037 [INFO] 📑 Columns: ['source', 'problem', 'solution', 'messages']
2025-12-19 10:47:13,038 [INFO] --- Row 0 ---
2025-12-19 10:47:13,070 [INFO] {'source': 'synthetic_math', 'problem': 'Consider the terms of an arithmetic sequence: $-\\frac{1}{3}, y+2, 4y, \\ldots$. Solve for $y$.', 'solution': 'For an arithmetic sequence, the difference between consecutive terms must be equal. Therefore, we can set up the following equations based on the sequence given:\n\\[ (y + 2) - \\left(-\\frac{1}{3}\\right) = 4y - (y+2) \\]\n\nSimplify and solve these equations:\n\\[ y + 2 + \\frac{1}{3} = 4y - y - 2 \\]\n\\[ y + \\frac{7}{3} = 3y - 2 \\]\n\\[ \\frac{7}{3} + 2 = 3y - y \\]\n\\[ \\frac{13}{3} = 2y \\]\n\\[ y = \\frac{13}{6} \\]\n\nThus, the value of $y$ that satisfies the given arithmetic sequence is $\\boxed{\\frac{13}{6}}$.', 'messages': [{'content': 'Consider the terms of an arithmetic sequence: $-\\frac{1}{3}, y+2, 4y, \\ldots$. Solve for $y$.', 'role': 'user'}, {'content': 'For an arithmetic sequence, the difference between consecutive terms must be equal. Therefore, we can set up the following equations based on the sequence given:\...
2025-12-19 10:47:13,071 [INFO] --- Row 1 ---
2025-12-19 10:47:13,073 [INFO] {'source': 'synthetic_math', 'problem': 'Suppose that $g(x) = 5x - 3$. What is $g^{-1}(g^{-1}(14))$?', 'solution': 'First, we need to find the inverse function $g^{-1}(x)$. Given $g(x) = 5x - 3$, solve for $x$:\n\\[ y = 5x - 3 \\]\n\\[ y + 3 = 5x \\]\n\\[ x = \\frac{y + 3}{5} \\]\nThus, $g^{-1}(x) = \\frac{x + 3}{5}$.\n\nNow, apply $g^{-1}$ twice to the given value $14$:\n\\[ g^{-1}(14) = \\frac{14 + 3}{5} = \\frac{17}{5} \\]\n\\[ g^{-1}\\left(\\frac{17}{5}\\right) = \\frac{\\frac{17}{5} + 3}{5} = \\frac{\\frac{17}{5} + \\frac{15}{5}}{5} = \\frac{32}{5 \\times 5} = \\frac{32}{25} \\]\n\nThus, $g^{-1}(g^{-1}(14)) = \\boxed{\\frac{32}{25}}$.', 'messages': [{'content': 'Suppose that $g(x) = 5x - 3$. What is $g^{-1}(g^{-1}(14))$?', 'role': 'user'}, {'content': 'First, we need to find the inverse function $g^{-1}(x)$. Given $g(x) = 5x - 3$, solve for $x$:\n\\[ y = 5x - 3 \\]\n\\[ y + 3 = 5x \\]\n\\[ x = \\frac{y + 3}{5} \\]\nThus, $g^{-1}(x) = \\frac{x + 3}{5}$.\n\nNow, apply $g^{-1}$ twice...
2025-12-19 10:47:13,073 [INFO] 
📂 Dataset: ndavidson/sat-math-chain-of-thought
2025-12-19 10:47:13,075 [INFO] 📑 Columns: ['id', 'question', 'reasoning_chain', 'answer', 'is_correct']
2025-12-19 10:47:13,076 [INFO] --- Row 0 ---
2025-12-19 10:47:13,082 [INFO] {'id': '4ec95eab', 'question': 'Given the system of equations:\n\n1. \\( y = -3x \\)  \n2. \\( 4x + y = 15 \\)  \n\nWhat is the value of \\( x \\) in the solution \\( (x, y) \\)?  \n\nA. 1  \nB. 5  \nC. 15  \nD. 45', 'reasoning_chain': {'final_answer': 'C', 'steps': [{'explanation': 'We start with the system of equations: 1) y = -3x and 2) 4x + y = 15. We will solve this system using the substitution method.', 'is_correct': True}, {'explanation': 'From equation 1, we have y expressed in terms of x: y = -3x. We substitute this expression into equation 2.', 'is_correct': True}, {'explanation': 'Substituting y in the second equation gives us: 4x + (-3x) = 15.', 'is_correct': True}, {'explanation': 'Simplifying the left side, we combine like terms: 4x - 3x = x, therefore, we have: x = 15.', 'is_correct': True}, {'explanation': 'Now we have found the value of x, which is 15. Thus the coordinates (x, y) are (15, -45) since y = -3(15) = -45.', 'is_correct': True}, {'explanation': 'Since the q...
2025-12-19 10:47:13,082 [INFO] --- Row 1 ---
2025-12-19 10:47:13,084 [INFO] {'id': 'problem_001', 'question': 'Given the system of equations:\n\n1. \\( y = 2x + 4 \\)  \n2. \\( 3x - y = 6 \\)  \n\nWhat is the value of \\( x \\) in the solution \\( (x, y) \\)?  \n\nA. 0  \nB. 2  \nC. 4  \nD. 6', 'reasoning_chain': {'final_answer': 'x = 10', 'steps': [{'explanation': 'We start with the system of equations: 1) y = 2x + 4 and 2) 3x - y = 6. We will solve this system by substitution. From equation 1, we have y expressed as y = 2x + 4.', 'is_correct': True}, {'explanation': 'Now, we substitute the expression for y into the second equation. Substituting y gives us: 3x - (2x + 4) = 6. Simplifying the left side results in: 3x - 2x - 4 = 6.', 'is_correct': True}, {'explanation': 'Combining like terms on the left side, we get: x - 4 = 6. Next, we add 4 to both sides of the equation: x = 6 + 4, so x = 10.', 'is_correct': True}]}, 'answer': 'B', 'is_correct': True}
2025-12-19 10:47:13,084 [INFO] 
📂 Dataset: open-r1/codeforces-cots
2025-12-19 10:47:13,086 [INFO] 📑 Columns: ['id', 'aliases', 'contest_id', 'contest_name', 'contest_type', 'contest_start', 'contest_start_year', 'index', 'time_limit', 'memory_limit', 'title', 'description', 'input_format', 'output_format', 'examples', 'note', 'editorial', 'prompt', 'generation', 'finish_reason', 'api_metadata', 'interaction_format', 'messages']
2025-12-19 10:47:13,086 [INFO] --- Row 0 ---
2025-12-19 10:47:13,106 [INFO] {'id': '1991/A', 'aliases': None, 'contest_id': '1991', 'contest_name': 'Pinely Round 4 (Div. 1 + Div. 2)', 'contest_type': 'CF', 'contest_start': 1722177300, 'contest_start_year': 2024, 'index': 'A', 'time_limit': 1.0, 'memory_limit': 256, 'title': 'Maximize the Last Element', 'description': 'You are given an array $$$a$$$ of $$$n$$$ integers, where $$$n$$$ is odd.\n\nIn one operation, you will remove two adjacent elements from the array $$$a$$$, and then concatenate the remaining parts of the array. For example, given the array $$$[4,7,4,2,9]$$$, we can obtain the arrays $$$[4,2,9]$$$ and $$$[4,7,9]$$$ by the operations $$$[\\underline{4,7}, 4,2,9] \\to [4,2,9]$$$ and $$$[4,7,\\underline{4,2},9] \\to [4,7,9]$$$ respectively. However, we cannot obtain the array $$$[7,2,9]$$$ as it requires deleting non-adjacent elements $$$[\\underline{4},7,\\underline{4},2,9]$$$.\n\nYou will repeatedly perform this operation until exactly one element remains in $$$a$$$.\n\nFind the maximum possible v...
2025-12-19 10:47:13,107 [INFO] --- Row 1 ---
2025-12-19 10:47:13,112 [INFO] {'id': '1991/A', 'aliases': None, 'contest_id': '1991', 'contest_name': 'Pinely Round 4 (Div. 1 + Div. 2)', 'contest_type': 'CF', 'contest_start': 1722177300, 'contest_start_year': 2024, 'index': 'A', 'time_limit': 1.0, 'memory_limit': 256, 'title': 'Maximize the Last Element', 'description': 'You are given an array $$$a$$$ of $$$n$$$ integers, where $$$n$$$ is odd.\n\nIn one operation, you will remove two adjacent elements from the array $$$a$$$, and then concatenate the remaining parts of the array. For example, given the array $$$[4,7,4,2,9]$$$, we can obtain the arrays $$$[4,2,9]$$$ and $$$[4,7,9]$$$ by the operations $$$[\\underline{4,7}, 4,2,9] \\to [4,2,9]$$$ and $$$[4,7,\\underline{4,2},9] \\to [4,7,9]$$$ respectively. However, we cannot obtain the array $$$[7,2,9]$$$ as it requires deleting non-adjacent elements $$$[\\underline{4},7,\\underline{4},2,9]$$$.\n\nYou will repeatedly perform this operation until exactly one element remains in $$$a$$$.\n\nFind the maximum possible v...
2025-12-19 10:47:13,112 [INFO] 
📂 Dataset: HuggingFaceH4/Code-Feedback
2025-12-19 10:47:13,113 [INFO] 📑 Columns: ['id', 'messages']
2025-12-19 10:47:13,114 [INFO] --- Row 0 ---
2025-12-19 10:47:13,117 [INFO] {'id': 20167, 'messages': [{'content': 'Generate an random integer between 1 and 6. Write corresponding code in Python.', 'role': 'user'}, {'content': "Sure, to generate a random integer between 1 and 6 in Python, we can use the `randint` function from the `random` library. Here's the appropriate Python code:\n\n```python\nimport random\nrandom_integer = random.randint(1, 6)\nprint(random_integer)\n```\n\nLet's go ahead and compile it.", 'role': 'assistant'}, {'content': 'Execution result: \n2\n', 'role': 'user'}, {'content': "The Python code was successfully compiled and the random integer generated between 1 and 6 was '2'.", 'role': 'assistant'}, {'content': 'The code works well but could use some comments for better understanding. Please add comments to explain the functionality of the code.', 'role': 'user'}, {'content': "Absolutely. Comments are a key part of the code that help improve its readability and understanding. Here's the commented version:\n\n```python\n# We import the '...
2025-12-19 10:47:13,118 [INFO] --- Row 1 ---
2025-12-19 10:47:13,120 [INFO] {'id': 44745, 'messages': [{'content': 'You are tasked with implementing a Python function that generates a supercell for a given crystal structure. The function takes in a `Code` instance configured for the `quantumespresso.pw` plugin, a `StructureData` instance, a distance parameter, and an element to remove from the model. The function should create a supercell based on the provided structure and distance, while also removing the specified element from the model.\n\nWrite a Python function `generate_supercell` that takes in the following parameters:\n- `code`: A `Code` instance configured for the `quantumespresso.pw` plugin.\n- `structure`: A `StructureData` instance representing the crystal structure.\n- `distance`: A numerical value representing the distance used to make supercells. If the distance is 0, it should be assumed to take the provided structure as the supercell and not generate another supercell.\n- `element_to_remove`: A string representing the element to be removed fr...
2025-12-19 10:47:13,121 [INFO] 
📂 Dataset: Locutusque/arc-cot
2025-12-19 10:47:13,121 [INFO] 📑 Columns: ['question', 'answer']
2025-12-19 10:47:13,122 [INFO] --- Row 0 ---
2025-12-19 10:47:13,122 [INFO] {'question': 'George wants to warm his hands quickly by rubbing them. Which skin surface will produce the most heat?\nA. dry palms\nB. wet palms\nC. palms covered with oil\nD. palms covered with lotion\n', 'answer': 'A: A. dry palms\n\nChain-of-thought:\n\n1. Friction produces heat.\n2. Dry skin has a higher coefficient of friction than wet or oily skin.\n3. Therefore, dry palms will produce the most heat when rubbed together.'}
2025-12-19 10:47:13,123 [INFO] --- Row 1 ---
2025-12-19 10:47:13,124 [INFO] {'question': 'Which of the following statements best explains why magnets usually stick to a refrigerator door?\nA. The refrigerator door is smooth.\nB. The refrigerator door contains iron.\nC. The refrigerator door is a good conductor.\nD. The refrigerator door has electric wires in it.\n', 'answer': 'A: B. The refrigerator door contains iron.\n\nExplanation: Magnets are attracted to ferrous materials, which contain iron. The refrigerator door is usually made of steel, which is an alloy of iron and carbon. The presence of iron in the refrigerator door allows the magnet to stick to it.'}
2025-12-19 10:47:13,125 [INFO] 
🎉 SMART DOWNLOAD COMPLETE.
