2025-12-20 10:36:07,115 [INFO] 📥 Starting Full Migration to D: Drive
2025-12-20 10:36:07,116 [INFO] 📦 Cache Directory: D:\huggingface_cache
2025-12-20 10:36:07,116 [INFO] 
🚀 Processing: AI-MO/NuminaMath-CoT
2025-12-20 10:36:07,117 [INFO]    Trying split: train...
2025-12-20 10:36:19,487 [INFO]    ✅ Successfully loaded/downloaded: AI-MO/NuminaMath-CoT (split: train)
2025-12-20 10:36:19,488 [INFO] 
📂 Dataset: AI-MO/NuminaMath-CoT
2025-12-20 10:36:19,488 [INFO] 📑 Columns: ['source', 'problem', 'solution', 'messages']
2025-12-20 10:36:19,488 [INFO] --- First Row ---
2025-12-20 10:36:19,495 [INFO] {'source': 'synthetic_math', 'problem': 'Consider the terms of an arithmetic sequence: $-\\frac{1}{3}, y+2, 4y, \\ldots$. Solve for $y$.', 'solution': 'For an arithmetic sequence, the difference between consecutive terms must be equal. Therefore, we can set up the following equations based on the sequence given:\n\\[ (y + 2) - \\left(-\\frac{1}{3}\\right) = 4y - (y+2) \\]\n\nSimplify and solve these equations:\n\\[ y + 2 + \\frac{1}{3} = 4y - y - 2 \\]\n\\[ y + \\frac{7}{3} = 3y - 2 \\]\n\\[ \\frac{7}{3} + 2 = 3y - y \\]\n\\[ \\frac{13}{3} = 2y \\]\n\\[ y = \\frac{13}{6} \\]\n\nThus, the value of $y$ that satisfies the given arithmetic sequence is $\\boxed{\\frac{13}{6}}$.', 'messages': [{'content': 'Consider the terms of an arithmetic sequence: $-\\frac{1}{3}, y+2, 4y, \\ldots$. Solve for $y$.', 'role': 'user'}, {'content': 'For an arithmetic sequence, the difference between consecutive terms must be equal. Therefore, we can set up the following equations based on the sequence given:\n\\[ (y + 2) - \\left(-\\frac{1}{3}\\right) = 4y - (y+2) \\]\n\nSimplify and solve these equations:\n\\[ y + 2 + \\frac{1}{3} = 4y - y - 2 \\]\n\\[ y + \\frac{7}{3} = 3y - 2 \\]\n\\[ \\frac{7}{3} + 2 = 3y - y \\]\n\\[ \\frac{13}{3} = 2y \\]\n\\[ y = \\frac{13}{6} \\]\n\nThus, the value of $y$ that satisfies the given arithmetic sequence is $\\boxed{\\frac{13}{6}}$.', 'role': 'assistant'}]}
2025-12-20 10:36:19,495 [INFO] 
🚀 Processing: ndavidson/sat-math-chain-of-thought
2025-12-20 10:36:19,519 [INFO]    Trying split: train...
2025-12-20 10:36:23,392 [INFO]    ✅ Successfully loaded/downloaded: ndavidson/sat-math-chain-of-thought (split: train)
2025-12-20 10:36:23,393 [INFO] 
📂 Dataset: ndavidson/sat-math-chain-of-thought
2025-12-20 10:36:23,393 [INFO] 📑 Columns: ['id', 'question', 'reasoning_chain', 'answer', 'is_correct']
2025-12-20 10:36:23,393 [INFO] --- First Row ---
2025-12-20 10:36:23,394 [INFO] {'id': '4ec95eab', 'question': 'Given the system of equations:\n\n1. \\( y = -3x \\)  \n2. \\( 4x + y = 15 \\)  \n\nWhat is the value of \\( x \\) in the solution \\( (x, y) \\)?  \n\nA. 1  \nB. 5  \nC. 15  \nD. 45', 'reasoning_chain': {'final_answer': 'C', 'steps': [{'explanation': 'We start with the system of equations: 1) y = -3x and 2) 4x + y = 15. We will solve this system using the substitution method.', 'is_correct': True}, {'explanation': 'From equation 1, we have y expressed in terms of x: y = -3x. We substitute this expression into equation 2.', 'is_correct': True}, {'explanation': 'Substituting y in the second equation gives us: 4x + (-3x) = 15.', 'is_correct': True}, {'explanation': 'Simplifying the left side, we combine like terms: 4x - 3x = x, therefore, we have: x = 15.', 'is_correct': True}, {'explanation': 'Now we have found the value of x, which is 15. Thus the coordinates (x, y) are (15, -45) since y = -3(15) = -45.', 'is_correct': True}, {'explanation': 'Since the question only asks for the value of x, our answer is clearly found to be x = 15.', 'is_correct': True}]}, 'answer': 'C', 'is_correct': True}
2025-12-20 10:36:23,394 [INFO] 
🚀 Processing: open-r1/codeforces-cots
2025-12-20 10:36:23,395 [INFO]    Trying split: train...
2025-12-20 10:36:42,529 [INFO]    ✅ Successfully loaded/downloaded: open-r1/codeforces-cots (split: train)
2025-12-20 10:36:42,530 [INFO] 
📂 Dataset: open-r1/codeforces-cots
2025-12-20 10:36:42,530 [INFO] 📑 Columns: ['id', 'aliases', 'contest_id', 'contest_name', 'contest_type', 'contest_start', 'contest_start_year', 'index', 'time_limit', 'memory_limit', 'title', 'description', 'input_format', 'output_format', 'examples', 'note', 'editorial', 'prompt', 'generation', 'finish_reason', 'api_metadata', 'interaction_format', 'messages']
2025-12-20 10:36:42,531 [INFO] --- First Row ---
2025-12-20 10:36:42,542 [INFO] {'id': '1991/A', 'aliases': None, 'contest_id': '1991', 'contest_name': 'Pinely Round 4 (Div. 1 + Div. 2)', 'contest_type': 'CF', 'contest_start': 1722177300, 'contest_start_year': 2024, 'index': 'A', 'time_limit': 1.0, 'memory_limit': 256, 'title': 'Maximize the Last Element', 'description': 'You are given an array $$$a$$$ of $$$n$$$ integers, where $$$n$$$ is odd.\n\nIn one operation, you will remove two adjacent elements from the array $$$a$$$, and then concatenate the remaining parts of the array. For example, given the array $$$[4,7,4,2,9]$$$, we can obtain the arrays $$$[4,2,9]$$$ and $$$[4,7,9]$$$ by the operations $$$[\\underline{4,7}, 4,2,9] \\to [4,2,9]$$$ and $$$[4,7,\\underline{4,2},9] \\to [4,7,9]$$$ respectively. However, we cannot obtain the array $$$[7,2,9]$$$ as it requires deleting non-adjacent elements $$$[\\underline{4},7,\\underline{4},2,9]$$$.\n\nYou will repeatedly perform this operation until exactly one element remains in $$$a$$$.\n\nFind the maximum possible value of the remaining element in $$$a$$$.', 'input_format': 'Each test contains multiple test cases. The first line contains a single integer $$$t$$$ ($$$1 \\le t \\le 1000$$$)\xa0— the number of test cases. The description of test cases follows.\n\nThe first line of each test case contains a single integer $$$n$$$ ($$$1 \\le n \\le 99$$$; $$$n$$$ is odd)\xa0— the length of the array $$$a$$$.\n\nThe second line of each test case contains $$$n$$$ integers $$$a_1, a_2, \\ldots, a_n$$$ ($$$1 \\le a...
2025-12-20 10:36:42,542 [INFO] 
🚀 Processing: HuggingFaceH4/Code-Feedback
2025-12-20 10:36:42,589 [INFO]    Trying split: train...
2025-12-20 10:36:48,637 [INFO]    Trying split: train_sft...
2025-12-20 10:36:51,627 [INFO]    ✅ Successfully loaded/downloaded: HuggingFaceH4/Code-Feedback (split: train_sft)
2025-12-20 10:36:51,627 [INFO] 
📂 Dataset: HuggingFaceH4/Code-Feedback
2025-12-20 10:36:51,628 [INFO] 📑 Columns: ['id', 'messages']
2025-12-20 10:36:51,628 [INFO] --- First Row ---
2025-12-20 10:36:51,628 [INFO] {'id': 20167, 'messages': [{'content': 'Generate an random integer between 1 and 6. Write corresponding code in Python.', 'role': 'user'}, {'content': "Sure, to generate a random integer between 1 and 6 in Python, we can use the `randint` function from the `random` library. Here's the appropriate Python code:\n\n```python\nimport random\nrandom_integer = random.randint(1, 6)\nprint(random_integer)\n```\n\nLet's go ahead and compile it.", 'role': 'assistant'}, {'content': 'Execution result: \n2\n', 'role': 'user'}, {'content': "The Python code was successfully compiled and the random integer generated between 1 and 6 was '2'.", 'role': 'assistant'}, {'content': 'The code works well but could use some comments for better understanding. Please add comments to explain the functionality of the code.', 'role': 'user'}, {'content': "Absolutely. Comments are a key part of the code that help improve its readability and understanding. Here's the commented version:\n\n```python\n# We import the 'random' library which provides functions to generate random numbers\nimport random\n\n# Using the 'randint' function from 'random' library to generate a random integer.\n# The function takes two arguments: the start and the end of the range (both inclusive).\n# In this case, we want a random number between 1 and 6, hence we use 1 and 6 as arguments.\nrandom_integer = random.randint(1, 6)\n\n# Printing the generated random number. This will display the number on the console.\nprint(random_integer...
2025-12-20 10:36:51,629 [INFO] 
🚀 Processing: prithivMLmods/Atlas-Think-CoT-12M
2025-12-20 10:36:51,633 [INFO]    Trying split: train...
2025-12-20 10:38:27,672 [INFO]    Trying split: train_sft...
2025-12-20 10:38:36,863 [INFO]    Trying split: default...
2025-12-20 10:38:46,022 [ERROR]    ❌ Failed to download prithivMLmods/Atlas-Think-CoT-12M after trying common splits.
2025-12-20 10:38:46,023 [INFO] 
🚀 Processing: prithivmlmods/Demeter-LongCoT-6M
2025-12-20 10:38:46,023 [INFO]    Trying split: train...
2025-12-20 10:39:17,191 [INFO]    Trying split: train_sft...
2025-12-20 10:39:48,124 [INFO]    Trying split: default...
2025-12-20 10:40:41,016 [ERROR]    ❌ Failed to download prithivmlmods/Demeter-LongCoT-6M after trying common splits.
2025-12-20 10:40:41,016 [INFO] 
🚀 Processing: kaist-ai/CoT-Collection
2025-12-20 10:40:41,016 [INFO]    Trying split: train...
2025-12-20 10:40:41,438 [INFO]    Trying split: train_sft...
2025-12-20 10:40:41,706 [INFO]    Trying split: default...
2025-12-20 10:40:42,002 [ERROR]    ❌ Failed to download kaist-ai/CoT-Collection after trying common splits.
2025-12-20 10:40:42,002 [INFO] 
🚀 Processing: isaiahbjork/chain-of-thought
2025-12-20 10:40:42,002 [INFO]    Trying split: train...
2025-12-20 10:40:47,287 [INFO]    ✅ Successfully loaded/downloaded: isaiahbjork/chain-of-thought (split: train)
2025-12-20 10:40:47,287 [INFO] 
📂 Dataset: isaiahbjork/chain-of-thought
2025-12-20 10:40:47,288 [INFO] 📑 Columns: ['prompt', 'response', 'source', 'category', 'category_score', 'topic', 'topic_score']
2025-12-20 10:40:47,288 [INFO] --- First Row ---
2025-12-20 10:40:47,289 [INFO] {'prompt': 'Explain the difference between truth and justification in epistemology. How can these concepts lead to different combinations of true/false beliefs and justified/unjustified beliefs? Provide examples for each possible combination.', 'response': "<thinking>\n<initial_analysis>\nTask: Explain the difference between truth and justification in epistemology and provide examples of different belief combinations\nApproach: Break down concepts, analyze relationships, and provide examples\nComplexity: Moderate to High\n</initial_analysis>\n\n<conscious_thought>\nI need to clearly distinguish between truth and justification, explain their relationship, and then systematically cover all possible combinations of true/false and justified/unjustified beliefs with examples.\n</conscious_thought>\n\n<step_by_step>\n1. Define truth:\n   - Corresponds to reality\n   - Binary (true or false)\n   - Absolute (not relative to persons, times, places, or cultures)\n\n2. Define justification:\n   - Epistemic justification: having good reasons to believe something\n   - Can vary in degree\n   - Relative to persons\n\n3. Analyze relationship between truth and justification:\n   - Truth is about the correspondence of a proposition to reality\n   - Justification is about the reasons a person has for believing a proposition\n   - They are independent: a belief can be true or false, justified or unjustified\n\n4. List possible combinations:\n   a) True and justified belief\n   b) True and unjus...
2025-12-20 10:40:47,289 [INFO] 
🚀 Processing: Locutusque/arc-cot
2025-12-20 10:40:47,290 [INFO]    Trying split: train...
2025-12-20 10:40:51,199 [INFO]    ✅ Successfully loaded/downloaded: Locutusque/arc-cot (split: train)
2025-12-20 10:40:51,199 [INFO] 
📂 Dataset: Locutusque/arc-cot
2025-12-20 10:40:51,199 [INFO] 📑 Columns: ['question', 'answer']
2025-12-20 10:40:51,199 [INFO] --- First Row ---
2025-12-20 10:40:51,200 [INFO] {'question': 'George wants to warm his hands quickly by rubbing them. Which skin surface will produce the most heat?\nA. dry palms\nB. wet palms\nC. palms covered with oil\nD. palms covered with lotion\n', 'answer': 'A: A. dry palms\n\nChain-of-thought:\n\n1. Friction produces heat.\n2. Dry skin has a higher coefficient of friction than wet or oily skin.\n3. Therefore, dry palms will produce the most heat when rubbed together.'}
2025-12-20 10:40:51,200 [INFO] 
🚀 Processing: prithivmlmods/Turing-Reason-CoT
2025-12-20 10:40:51,201 [INFO]    Trying split: train...
2025-12-20 10:40:59,825 [INFO]    Trying split: train_sft...
2025-12-20 10:41:05,635 [INFO]    Trying split: default...
2025-12-20 10:41:10,478 [ERROR]    ❌ Failed to download prithivmlmods/Turing-Reason-CoT after trying common splits.
2025-12-20 10:41:10,478 [INFO] 
🎉 D: DRIVE MIGRATION COMPLETE.
