2025-12-20 12:29:27,688 [INFO] 🔄 Starting migration to: D:\huggingface_cache
2025-12-20 12:29:27,688 [INFO] 
🚀 Processing Activity for: AI-MO/NuminaMath-CoT
2025-12-20 12:29:29,287 [INFO] NumExpr defaulting to 12 threads.
2025-12-20 12:29:44,293 [INFO] ✅ Successfully loaded: AI-MO/NuminaMath-CoT (split: train)
2025-12-20 12:29:44,294 [INFO] 
📂 Dataset: AI-MO/NuminaMath-CoT
2025-12-20 12:29:44,294 [INFO] 📑 Columns: ['source', 'problem', 'solution', 'messages']
2025-12-20 12:29:44,294 [INFO] --- First Row ---
2025-12-20 12:29:44,302 [INFO] {'source': 'synthetic_math', 'problem': 'Consider the terms of an arithmetic sequence: $-\\frac{1}{3}, y+2, 4y, \\ldots$. Solve for $y$.', 'solution': 'For an arithmetic sequence, the difference between consecutive terms must be equal. Therefore, we can set up the following equations based on the sequence given:\n\\[ (y + 2) - \\left(-\\frac{1}{3}\\right) = 4y - (y+2) \\]\n\nSimplify and solve these equations:\n\\[ y + 2 + \\frac{1}{3} = 4y - y - 2 \\]\n\\[ y + \\frac{7}{3} = 3y - 2 \\]\n\\[ \\frac{7}{3} + 2 = 3y - y \\]\n\\[ \\frac{13}{3} = 2y \\]\n\\[ y = \\frac{13}{6} \\]\n\nThus, the value of $y$ that satisfies the given arithmetic sequence is $\\boxed{\\frac{13}{6}}$.', 'messages': [{'content': 'Consider the terms of an arithmetic sequence: $-\\frac{1}{3}, y+2, 4y, \\ldots$. Solve for $y$.', 'role': 'user'}, {'content': 'For an arithmetic sequence, the difference between consecutive terms must be equal. Therefore, we can set up the following equations based on the sequence given:\n\\[ (y + 2) - \\left(-\\frac{1}{3}\\right) = 4y - (y+2) \\]\n\nSimplify and solve these equations:\n\\[ y + 2 + \\frac{1}{3} = 4y - y - 2 \\]\n\\[ y + \\frac{7}{3} = 3y - 2 \\]\n\\[ \\frac{7}{3} + 2 ...
2025-12-20 12:29:44,304 [INFO] 
🚀 Processing Activity for: ndavidson/sat-math-chain-of-thought
2025-12-20 12:29:47,981 [INFO] ✅ Successfully loaded: ndavidson/sat-math-chain-of-thought (split: train)
2025-12-20 12:29:48,015 [INFO] 
📂 Dataset: ndavidson/sat-math-chain-of-thought
2025-12-20 12:29:48,015 [INFO] 📑 Columns: ['id', 'question', 'reasoning_chain', 'answer', 'is_correct']
2025-12-20 12:29:48,016 [INFO] --- First Row ---
2025-12-20 12:29:48,018 [INFO] {'id': '4ec95eab', 'question': 'Given the system of equations:\n\n1. \\( y = -3x \\)  \n2. \\( 4x + y = 15 \\)  \n\nWhat is the value of \\( x \\) in the solution \\( (x, y) \\)?  \n\nA. 1  \nB. 5  \nC. 15  \nD. 45', 'reasoning_chain': {'final_answer': 'C', 'steps': [{'explanation': 'We start with the system of equations: 1) y = -3x and 2) 4x + y = 15. We will solve this system using the substitution method.', 'is_correct': True}, {'explanation': 'From equation 1, we have y expressed in terms of x: y = -3x. We substitute this expression into equation 2.', 'is_correct': True}, {'explanation': 'Substituting y in the second equation gives us: 4x + (-3x) = 15.', 'is_correct': True}, {'explanation': 'Simplifying the left side, we combine like terms: 4x - 3x = x, therefore, we have: x = 15.', 'is_correct': True}, {'explanation': 'Now we have found the value of x, which is 15. Thus the coordinates (x, y) are (15, -45) since y = -3(15) = -45.', 'is_correct': True}, {'explanation': 'Since the question only asks for the value of x, our answer is clearly found to be x = 15.', 'is_correct': True}]}, 'answer': 'C', 'is_correct': True}
2025-12-20 12:29:48,018 [INFO] 
🚀 Processing Activity for: open-r1/codeforces-cots
2025-12-20 12:29:55,094 [INFO] ✅ Successfully loaded: open-r1/codeforces-cots (split: train)
2025-12-20 12:29:55,095 [INFO] 
📂 Dataset: open-r1/codeforces-cots
2025-12-20 12:29:55,096 [INFO] 📑 Columns: ['id', 'aliases', 'contest_id', 'contest_name', 'contest_type', 'contest_start', 'contest_start_year', 'index', 'time_limit', 'memory_limit', 'title', 'description', 'input_format', 'output_format', 'examples', 'note', 'editorial', 'prompt', 'generation', 'finish_reason', 'api_metadata', 'interaction_format', 'messages']
2025-12-20 12:29:55,096 [INFO] --- First Row ---
2025-12-20 12:29:55,104 [INFO] {'id': '1991/A', 'aliases': None, 'contest_id': '1991', 'contest_name': 'Pinely Round 4 (Div. 1 + Div. 2)', 'contest_type': 'CF', 'contest_start': 1722177300, 'contest_start_year': 2024, 'index': 'A', 'time_limit': 1.0, 'memory_limit': 256, 'title': 'Maximize the Last Element', 'description': 'You are given an array $$$a$$$ of $$$n$$$ integers, where $$$n$$$ is odd.\n\nIn one operation, you will remove two adjacent elements from the array $$$a$$$, and then concatenate the remaining parts of the array. For example, given the array $$$[4,7,4,2,9]$$$, we can obtain the arrays $$$[4,2,9]$$$ and $$$[4,7,9]$$$ by the operations $$$[\\underline{4,7}, 4,2,9] \\to [4,2,9]$$$ and $$$[4,7,\\underline{4,2},9] \\to [4,7,9]$$$ respectively. However, we cannot obtain the array $$$[7,2,9]$$$ as it requires deleting non-adjacent elements $$$[\\underline{4},7,\\underline{4},2,9]$$$.\n\nYou will repeatedly perform this operation until exactly one element remains in $$$a$$$.\n\nFind the maximum possible value of the remaining element in $$$a$$$.', 'input_format': 'Each test contains multiple test cases. The first line contains a single integer $$$t$$$ ($$$1 \\le t \\le 1000$$$)\xa0— the number of test...
2025-12-20 12:29:55,106 [INFO] 
🚀 Processing Activity for: HuggingFaceH4/Code-Feedback
2025-12-20 12:30:05,790 [INFO] ✅ Successfully loaded: HuggingFaceH4/Code-Feedback (split: train_sft)
2025-12-20 12:30:05,844 [INFO] 
📂 Dataset: HuggingFaceH4/Code-Feedback
2025-12-20 12:30:05,845 [INFO] 📑 Columns: ['id', 'messages']
2025-12-20 12:30:05,845 [INFO] --- First Row ---
2025-12-20 12:30:05,846 [INFO] {'id': 20167, 'messages': [{'content': 'Generate an random integer between 1 and 6. Write corresponding code in Python.', 'role': 'user'}, {'content': "Sure, to generate a random integer between 1 and 6 in Python, we can use the `randint` function from the `random` library. Here's the appropriate Python code:\n\n```python\nimport random\nrandom_integer = random.randint(1, 6)\nprint(random_integer)\n```\n\nLet's go ahead and compile it.", 'role': 'assistant'}, {'content': 'Execution result: \n2\n', 'role': 'user'}, {'content': "The Python code was successfully compiled and the random integer generated between 1 and 6 was '2'.", 'role': 'assistant'}, {'content': 'The code works well but could use some comments for better understanding. Please add comments to explain the functionality of the code.', 'role': 'user'}, {'content': "Absolutely. Comments are a key part of the code that help improve its readability and understanding. Here's the commented version:\n\n```python\n# We import the 'random' library which provides functions to generate random numbers\nimport random\n\n# Using the 'randint' function from 'random' library to generate a random integer.\n# The function takes two argum...
2025-12-20 12:30:05,847 [INFO] 
🚀 Processing Activity for: prithivMLmods/Atlas-Think-CoT-12M
